
> tradia-frontend-v1@0.1.0 build C:\Users\Hp\Documents\Github\Tradia
> npx next build

   Creating an optimized production build ...
 ✓ Compiled successfully
   Linting and checking validity of types ...

   We detected TypeScript in your project and reconfigured your tsconfig.json file for you. Strict-mode is set to false by default.
   The following suggested values were added to your tsconfig.json. These values can be changed to fit your project's needs:

   	- include was updated to add './.next/types/**/*.ts'

   Collecting page data ...
   Generating static pages (0/84) ...
   Generating static pages (21/84) 
   Generating static pages (42/84) 
   Generating static pages (63/84) 
 ✓ Generating static pages (84/84) 
   Finalizing page optimization ...
   Collecting build traces ...

Route (app)                                Size     First Load JS
┌ ○ /                                      8.42 kB         160 kB
├ ○ /_not-found                            885 B          81.8 kB
├ ○ /about                                 884 B           153 kB
├ λ /api/ai/voice                          0 B                0 B
├ λ /api/analytics/activity/recent         0 B                0 B
├ λ /api/analytics/track                   0 B                0 B
├ λ /api/analytics/user-stats              0 B                0 B
├ λ /api/auth/[...nextauth]                0 B                0 B
├ λ /api/auth/change-password              0 B                0 B
├ λ /api/auth/forgot-password              0 B                0 B
├ λ /api/auth/login                        0 B                0 B
├ λ /api/auth/refresh                      0 B                0 B
├ λ /api/auth/resend-verification          0 B                0 B
├ λ /api/auth/reset-password               0 B                0 B
├ λ /api/auth/signup                       0 B                0 B
├ λ /api/auth/verify-email                 0 B                0 B
├ λ /api/broker/preference                 0 B                0 B
├ λ /api/chat                              0 B                0 B
├ λ /api/coach/points                      0 B                0 B
├ λ /api/coach/weekly-email                0 B                0 B
├ λ /api/conversations                     0 B                0 B
├ λ /api/conversations/[id]                0 B                0 B
├ λ /api/feedback                          0 B                0 B
├ λ /api/marketing/leads                   0 B                0 B
├ λ /api/marketing/subscribe               0 B                0 B
├ λ /api/payments/create-checkout          0 B                0 B
├ λ /api/payments/subscriptions            0 B                0 B
├ λ /api/payments/verify                   0 B                0 B
├ λ /api/payments/webhook                  0 B                0 B
├ λ /api/payments/webhook/flutterwave      0 B                0 B
├ λ /api/predict                           0 B                0 B
├ λ /api/trade-plans                       0 B                0 B
├ λ /api/trades                            0 B                0 B
├ λ /api/trades/import                     0 B                0 B
├ λ /api/trades/select                     0 B                0 B
├ λ /api/trades/summary                    0 B                0 B
├ λ /api/tradia/ai                         0 B                0 B
├ λ /api/trading-accounts                  0 B                0 B
├ λ /api/tv/alert-optimize                 0 B                0 B
├ λ /api/tv/backtest-sim                   0 B                0 B
├ λ /api/tv/execute-trade                  0 B                0 B
├ λ /api/tv/import                         0 B                0 B
├ λ /api/tv/pattern-scan                   0 B                0 B
├ λ /api/tv/screener-refine                0 B                0 B
├ λ /api/tv/usage                          0 B                0 B
├ λ /api/user/plan                         0 B                0 B
├ λ /api/user/profile                      0 B                0 B
├ λ /api/user/settings                     0 B                0 B
├ ○ /api/user/trial-status                 0 B                0 B
├ λ /api/user/trial/activate               0 B                0 B
├ λ /api/user/trial/cancel                 0 B                0 B
├ λ /api/user/update                       0 B                0 B
├ λ /api/user/upload-avatar                0 B                0 B
├ λ /api/verify-email                      0 B                0 B
├ ○ /blog                                  180 B          88.1 kB
├ λ /blog/[slug]                           398 B          81.3 kB
├ ○ /chat                                  50.7 kB         141 kB
├ ○ /check-email                           1.85 kB         152 kB
├ ○ /checkout                              6.88 kB        98.7 kB
├ ○ /contact                               1.55 kB         151 kB
├ ○ /dashboard                             51.3 kB         721 kB
├ ○ /dashboard/analytics                   1.42 kB         156 kB
├ ○ /dashboard/billing                     5.5 kB         97.3 kB
├ ○ /dashboard/position-sizing             5.49 kB         219 kB
├ ○ /dashboard/profile                     4.92 kB         156 kB
├ ○ /dashboard/reporting                   12.7 kB         221 kB
├ ○ /dashboard/risk-management             11.4 kB         323 kB
├ ○ /dashboard/settings                    7.46 kB         165 kB
├ ○ /dashboard/trade-analytics             3.88 kB         506 kB
├ ○ /dashboard/trade-education             8.12 kB         203 kB
├ ○ /dashboard/trade-history               3.41 kB         401 kB
├ ○ /dashboard/trade-journal               2.85 kB         321 kB
├ ○ /dashboard/trade-planner               4.1 kB          214 kB
├ ○ /dashboard/tradia-predict              13.8 kB         279 kB
├ ○ /dashboard/user-analytics              4.38 kB         202 kB
├ ○ /forgot-password                       2.36 kB         152 kB
├ ○ /login                                 4.04 kB         142 kB
├ ○ /pricing                               5.87 kB         158 kB
├ ○ /privacy                               1.54 kB         151 kB
├ ○ /resend-verification                   1.98 kB         152 kB
├ ○ /reset-password                        2.19 kB         152 kB
├ ○ /robots.txt                            0 B                0 B
├ ○ /signup                                6.19 kB         144 kB
├ ○ /terms                                 1.54 kB         151 kB
├ ○ /tradia-predict                        15.7 kB         229 kB
├ ○ /upgrade                               6.07 kB         191 kB
├ ○ /verify-email                          1.22 kB        82.1 kB
├ ○ /verify-email/failed                   1.85 kB         152 kB
└ ○ /verify-email/success                  1.51 kB         151 kB
+ First Load JS shared by all              80.9 kB
  ├ chunks/6299-b593e0f1aa627b28.js        27.6 kB
  ├ chunks/ec269f89-69d175cecf34e9ff.js    51.1 kB
  ├ chunks/main-app-f2c07abbc754cc17.js    239 B
  └ chunks/webpack-c7a1766d9fa9e356.js     1.91 kB

Route (pages)                              Size     First Load JS
┌ ○ /__noop_manifest (2920 ms)             247 B          80.9 kB
├ λ /api/auth/logout                       0 B            80.6 kB
└ λ /api/upload                            0 B            80.6 kB
+ First Load JS shared by all              80.6 kB
  ├ chunks/framework-c013c33d9d0b07c5.js   45.2 kB
  ├ chunks/main-797e9c82925ad7df.js        33.3 kB
  ├ chunks/pages/_app-58e44b5fb19833b6.js  210 B
  └ chunks/webpack-c7a1766d9fa9e356.js     1.91 kB

λ  (Server)  server-side renders at runtime (uses getInitialProps or getServerSideProps)
○  (Static)  automatically rendered as static HTML (uses no initial props)

